2014-09-03 10:42:16,931 - Log4JLogChute initialized using file 'velocity.log'
2014-09-03 10:42:16,932 - Initializing Velocity, Calling init()...
2014-09-03 10:42:16,933 - Starting Apache Velocity v1.7 (compiled: 2010-11-19 12:14:37)
2014-09-03 10:42:16,933 - Default Properties File: org\apache\velocity\runtime\defaults\velocity.properties
2014-09-03 10:42:16,933 - Trying to use logger class org.apache.velocity.runtime.log.AvalonLogChute
2014-09-03 10:42:16,933 - Target log system for org.apache.velocity.runtime.log.AvalonLogChute is not available (java.lang.NoClassDefFoundError: org/apache/log/format/Formatter).  Falling back to next log system...
2014-09-03 10:42:16,933 - Trying to use logger class org.apache.velocity.runtime.log.Log4JLogChute
2014-09-03 10:42:16,933 - Using logger class org.apache.velocity.runtime.log.Log4JLogChute
2014-09-03 10:42:16,955 - ResourceLoader instantiated: org.apache.velocity.runtime.resource.loader.FileResourceLoader
2014-09-03 10:42:16,956 - Do unicode file recognition:  false
2014-09-03 10:42:16,956 - FileResourceLoader : adding path '.'
2014-09-03 10:42:16,976 - ResourceCache: initialized (class org.apache.velocity.runtime.resource.ResourceCacheImpl) with class java.util.Collections$SynchronizedMap cache map.
2014-09-03 10:42:16,978 - Loaded System Directive: org.apache.velocity.runtime.directive.Stop
2014-09-03 10:42:16,979 - Loaded System Directive: org.apache.velocity.runtime.directive.Define
2014-09-03 10:42:16,980 - Loaded System Directive: org.apache.velocity.runtime.directive.Break
2014-09-03 10:42:16,981 - Loaded System Directive: org.apache.velocity.runtime.directive.Evaluate
2014-09-03 10:42:16,986 - Loaded System Directive: org.apache.velocity.runtime.directive.Literal
2014-09-03 10:42:16,987 - Loaded System Directive: org.apache.velocity.runtime.directive.Macro
2014-09-03 10:42:16,989 - Loaded System Directive: org.apache.velocity.runtime.directive.Parse
2014-09-03 10:42:16,990 - Loaded System Directive: org.apache.velocity.runtime.directive.Include
2014-09-03 10:42:16,992 - Loaded System Directive: org.apache.velocity.runtime.directive.Foreach
2014-09-03 10:42:17,038 - Created '20' parsers.
2014-09-03 10:42:17,045 - Velocimacro : "velocimacro.library" is not set.  Trying default library: VM_global_library.vm
2014-09-03 10:42:17,046 - Velocimacro : Default library not found.
2014-09-03 10:42:17,046 - Velocimacro : allowInline = true : VMs can be defined inline in templates
2014-09-03 10:42:17,046 - Velocimacro : allowInlineToOverride = false : VMs defined inline may NOT replace previous VM definitions
2014-09-03 10:42:17,046 - Velocimacro : allowInlineLocal = false : VMs defined inline will be global in scope if allowed.
2014-09-03 10:42:17,046 - Velocimacro : autoload off : VM system will not automatically reload global library macros
2014-09-03 10:53:59,171 - Log4JLogChute initialized using file 'velocity.log'
2014-09-03 10:53:59,171 - Log4JLogChute initialized using file 'velocity.log'
2014-09-03 10:53:59,171 - Initializing Velocity, Calling init()...
2014-09-03 10:53:59,171 - Initializing Velocity, Calling init()...
2014-09-03 10:53:59,171 - Starting Apache Velocity v1.7 (compiled: 2010-11-19 12:14:37)
2014-09-03 10:53:59,171 - Starting Apache Velocity v1.7 (compiled: 2010-11-19 12:14:37)
2014-09-03 10:53:59,171 - Default Properties File: org\apache\velocity\runtime\defaults\velocity.properties
2014-09-03 10:53:59,171 - Default Properties File: org\apache\velocity\runtime\defaults\velocity.properties
2014-09-03 10:53:59,171 - Trying to use logger class org.apache.velocity.runtime.log.AvalonLogChute
2014-09-03 10:53:59,171 - Trying to use logger class org.apache.velocity.runtime.log.AvalonLogChute
2014-09-03 10:53:59,171 - Target log system for org.apache.velocity.runtime.log.AvalonLogChute is not available (java.lang.NoClassDefFoundError: org/apache/log/format/Formatter).  Falling back to next log system...
2014-09-03 10:53:59,171 - Target log system for org.apache.velocity.runtime.log.AvalonLogChute is not available (java.lang.NoClassDefFoundError: org/apache/log/format/Formatter).  Falling back to next log system...
2014-09-03 10:53:59,171 - Trying to use logger class org.apache.velocity.runtime.log.Log4JLogChute
2014-09-03 10:53:59,171 - Trying to use logger class org.apache.velocity.runtime.log.Log4JLogChute
2014-09-03 10:53:59,171 - Using logger class org.apache.velocity.runtime.log.Log4JLogChute
2014-09-03 10:53:59,171 - Using logger class org.apache.velocity.runtime.log.Log4JLogChute
2014-09-03 10:53:59,171 - ResourceLoader instantiated: org.apache.velocity.runtime.resource.loader.FileResourceLoader
2014-09-03 10:53:59,171 - ResourceLoader instantiated: org.apache.velocity.runtime.resource.loader.FileResourceLoader
2014-09-03 10:53:59,171 - Do unicode file recognition:  false
2014-09-03 10:53:59,171 - Do unicode file recognition:  false
2014-09-03 10:53:59,171 - FileResourceLoader : adding path '.'
2014-09-03 10:53:59,171 - FileResourceLoader : adding path '.'
2014-09-03 10:53:59,171 - ResourceCache: initialized (class org.apache.velocity.runtime.resource.ResourceCacheImpl) with class java.util.Collections$SynchronizedMap cache map.
2014-09-03 10:53:59,171 - ResourceCache: initialized (class org.apache.velocity.runtime.resource.ResourceCacheImpl) with class java.util.Collections$SynchronizedMap cache map.
2014-09-03 10:53:59,172 - Loaded System Directive: org.apache.velocity.runtime.directive.Stop
2014-09-03 10:53:59,172 - Loaded System Directive: org.apache.velocity.runtime.directive.Stop
2014-09-03 10:53:59,172 - Loaded System Directive: org.apache.velocity.runtime.directive.Define
2014-09-03 10:53:59,172 - Loaded System Directive: org.apache.velocity.runtime.directive.Define
2014-09-03 10:53:59,172 - Loaded System Directive: org.apache.velocity.runtime.directive.Break
2014-09-03 10:53:59,172 - Loaded System Directive: org.apache.velocity.runtime.directive.Break
2014-09-03 10:53:59,172 - Loaded System Directive: org.apache.velocity.runtime.directive.Evaluate
2014-09-03 10:53:59,172 - Loaded System Directive: org.apache.velocity.runtime.directive.Evaluate
2014-09-03 10:53:59,172 - Loaded System Directive: org.apache.velocity.runtime.directive.Literal
2014-09-03 10:53:59,172 - Loaded System Directive: org.apache.velocity.runtime.directive.Literal
2014-09-03 10:53:59,172 - Loaded System Directive: org.apache.velocity.runtime.directive.Macro
2014-09-03 10:53:59,172 - Loaded System Directive: org.apache.velocity.runtime.directive.Macro
2014-09-03 10:53:59,172 - Loaded System Directive: org.apache.velocity.runtime.directive.Parse
2014-09-03 10:53:59,172 - Loaded System Directive: org.apache.velocity.runtime.directive.Parse
2014-09-03 10:53:59,172 - Loaded System Directive: org.apache.velocity.runtime.directive.Include
2014-09-03 10:53:59,172 - Loaded System Directive: org.apache.velocity.runtime.directive.Include
2014-09-03 10:53:59,172 - Loaded System Directive: org.apache.velocity.runtime.directive.Foreach
2014-09-03 10:53:59,172 - Loaded System Directive: org.apache.velocity.runtime.directive.Foreach
2014-09-03 10:53:59,173 - Created '20' parsers.
2014-09-03 10:53:59,173 - Created '20' parsers.
2014-09-03 10:53:59,173 - Velocimacro : "velocimacro.library" is not set.  Trying default library: VM_global_library.vm
2014-09-03 10:53:59,173 - Velocimacro : "velocimacro.library" is not set.  Trying default library: VM_global_library.vm
2014-09-03 10:53:59,173 - Velocimacro : Default library not found.
2014-09-03 10:53:59,173 - Velocimacro : Default library not found.
2014-09-03 10:53:59,174 - Velocimacro : allowInline = true : VMs can be defined inline in templates
2014-09-03 10:53:59,174 - Velocimacro : allowInline = true : VMs can be defined inline in templates
2014-09-03 10:53:59,174 - Velocimacro : allowInlineToOverride = false : VMs defined inline may NOT replace previous VM definitions
2014-09-03 10:53:59,174 - Velocimacro : allowInlineToOverride = false : VMs defined inline may NOT replace previous VM definitions
2014-09-03 10:53:59,174 - Velocimacro : allowInlineLocal = false : VMs defined inline will be global in scope if allowed.
2014-09-03 10:53:59,174 - Velocimacro : allowInlineLocal = false : VMs defined inline will be global in scope if allowed.
2014-09-03 10:53:59,174 - Velocimacro : autoload off : VM system will not automatically reload global library macros
2014-09-03 10:53:59,174 - Velocimacro : autoload off : VM system will not automatically reload global library macros
